Start testing: Sep 27 23:55 CST
----------------------------------------------------------
1/1 Testing: utils_test
1/1 Test: utils_test
Command: "/Users/jingruili/OneDrive/ChessE/bin/test/utils_test"
Directory: /Users/jingruili/OneDrive/ChessE/build/test
"utils_test" start time: Sep 27 23:55 CST
Output:
----------------------------------------------------------
..


OK (2 tests)


<end of output>
Test time =   0.01 sec
----------------------------------------------------------
Test Passed.
"utils_test" end time: Sep 27 23:55 CST
"utils_test" time elapsed: 00:00:00
----------------------------------------------------------

End testing: Sep 27 23:55 CST
