<?xml version="1.0" encoding="UTF-8"?>
<Site BuildName="(empty)"
	BuildStamp="20180927-1446-Experimental"
	Name="(empty)"
	Generator="ctest-3.11.2"
	CompilerName=""
	CompilerVersion=""
	OSName="Mac OS X"
	Hostname="localhost"
	OSRelease="10.14"
	OSVersion="18A389"
	OSPlatform="x86_64"
	Is64Bits="1"
	VendorString="GenuineIntel"
	VendorID="Intel Corporation"
	FamilyID="6"
	ModelID="158"
	ProcessorCacheSize="32768"
	NumberOfLogicalCPU="4"
	NumberOfPhysicalCPU="4"
	TotalVirtualMemory="0"
	TotalPhysicalMemory="8192"
	LogicalProcessorsPerPhysical="8"
	ProcessorClockFrequency="3400"
	>
	<Testing>
		<StartDateTime>Sep 27 23:55 CST</StartDateTime>
		<StartTestTime>1538063736</StartTestTime>
		<TestList>
			<Test>./test/utils_test</Test>
		</TestList>
		<Test Status="passed">
			<Name>utils_test</Name>
			<Path>./test</Path>
			<FullName>./test/utils_test</FullName>
			<FullCommandLine>/Users/jingruili/OneDrive/ChessE/bin/test/utils_test</FullCommandLine>
			<Results>
				<NamedMeasurement type="numeric/double" name="Execution Time">
					<Value>0.00802292</Value>
				</NamedMeasurement>
				<NamedMeasurement type="numeric/double" name="Processors">
					<Value>1</Value>
				</NamedMeasurement>
				<NamedMeasurement type="text/string" name="Completion Status">
					<Value>Completed</Value>
				</NamedMeasurement>
				<NamedMeasurement type="text/string" name="Command Line">
					<Value>/Users/jingruili/OneDrive/ChessE/bin/test/utils_test</Value>
				</NamedMeasurement>
				<Measurement>
					<Value>..


OK (2 tests)


</Value>
				</Measurement>
			</Results>
		</Test>
		<EndDateTime>Sep 27 23:55 CST</EndDateTime>
		<EndTestTime>1538063736</EndTestTime>
		<ElapsedMinutes>0</ElapsedMinutes>
	</Testing>
</Site>
